<?xml version="1.0" encoding="UTF-8"?>
<testsuite name="com.learning.tdd.springrest.controller.DemoControllerTest" tests="8" skipped="0" failures="0" errors="0" timestamp="2020-02-16T19:21:51" hostname="Shaileshs-MBP.fritz.box" time="0.542">
  <properties/>
  <testcase name="postWithFirstNameAsADynamicParameter()" classname="com.learning.tdd.springrest.controller.DemoControllerTest" time="0.486"/>
  <testcase name="getWithOkStatus()" classname="com.learning.tdd.springrest.controller.DemoControllerTest" time="0.005"/>
  <testcase name="getBadRequestStatus()" classname="com.learning.tdd.springrest.controller.DemoControllerTest" time="0.005"/>
  <testcase name="postReturnsBadRequestForBlankFirstName()" classname="com.learning.tdd.springrest.controller.DemoControllerTest" time="0.008"/>
  <testcase name="getOkStatusWithNameParameter()" classname="com.learning.tdd.springrest.controller.DemoControllerTest" time="0.007"/>
  <testcase name="postReturnsBadRequestForMissingFirstName()" classname="com.learning.tdd.springrest.controller.DemoControllerTest" time="0.007"/>
  <testcase name="postReturnsBadRequestForNonAlphabetOnlyFirstName()" classname="com.learning.tdd.springrest.controller.DemoControllerTest" time="0.01"/>
  <testcase name="postWithCreatedStatus()" classname="com.learning.tdd.springrest.controller.DemoControllerTest" time="0.004"/>
  <system-out><![CDATA[20:21:49.181 [Test worker] DEBUG org.springframework.test.context.BootstrapUtils - Instantiating CacheAwareContextLoaderDelegate from class [org.springframework.test.context.cache.DefaultCacheAwareContextLoaderDelegate]
20:21:49.193 [Test worker] DEBUG org.springframework.test.context.BootstrapUtils - Instantiating BootstrapContext using constructor [public org.springframework.test.context.support.DefaultBootstrapContext(java.lang.Class,org.springframework.test.context.CacheAwareContextLoaderDelegate)]
20:21:49.222 [Test worker] DEBUG org.springframework.test.context.BootstrapUtils - Instantiating TestContextBootstrapper for test class [com.learning.tdd.springrest.controller.DemoControllerTest] from class [org.springframework.boot.test.context.SpringBootTestContextBootstrapper]
20:21:49.235 [Test worker] INFO org.springframework.boot.test.context.SpringBootTestContextBootstrapper - Neither @ContextConfiguration nor @ContextHierarchy found for test class [com.learning.tdd.springrest.controller.DemoControllerTest], using SpringBootContextLoader
20:21:49.242 [Test worker] DEBUG org.springframework.test.context.support.AbstractContextLoader - Did not detect default resource location for test class [com.learning.tdd.springrest.controller.DemoControllerTest]: class path resource [com/learning/tdd/springrest/controller/DemoControllerTest-context.xml] does not exist
20:21:49.242 [Test worker] DEBUG org.springframework.test.context.support.AbstractContextLoader - Did not detect default resource location for test class [com.learning.tdd.springrest.controller.DemoControllerTest]: class path resource [com/learning/tdd/springrest/controller/DemoControllerTestContext.groovy] does not exist
20:21:49.243 [Test worker] INFO org.springframework.test.context.support.AbstractContextLoader - Could not detect default resource locations for test class [com.learning.tdd.springrest.controller.DemoControllerTest]: no resource found for suffixes {-context.xml, Context.groovy}.
20:21:49.243 [Test worker] INFO org.springframework.test.context.support.AnnotationConfigContextLoaderUtils - Could not detect default configuration classes for test class [com.learning.tdd.springrest.controller.DemoControllerTest]: DemoControllerTest does not declare any static, non-private, non-final, nested classes annotated with @Configuration.
20:21:49.300 [Test worker] DEBUG org.springframework.test.context.support.ActiveProfilesUtils - Could not find an 'annotation declaring class' for annotation type [org.springframework.test.context.ActiveProfiles] and class [com.learning.tdd.springrest.controller.DemoControllerTest]
20:21:49.367 [Test worker] DEBUG org.springframework.context.annotation.ClassPathScanningCandidateComponentProvider - Identified candidate component class: file [/Users/shailesh/Downloads/spring-rest/build/classes/java/main/com/learning/tdd/springrest/SpringRestApplication.class]
20:21:49.368 [Test worker] INFO org.springframework.boot.test.context.SpringBootTestContextBootstrapper - Found @SpringBootConfiguration com.learning.tdd.springrest.SpringRestApplication for test class com.learning.tdd.springrest.controller.DemoControllerTest
20:21:49.464 [Test worker] DEBUG org.springframework.boot.test.context.SpringBootTestContextBootstrapper - @TestExecutionListeners is not present for class [com.learning.tdd.springrest.controller.DemoControllerTest]: using defaults.
20:21:49.464 [Test worker] INFO org.springframework.boot.test.context.SpringBootTestContextBootstrapper - Loaded default TestExecutionListener class names from location [META-INF/spring.factories]: [org.springframework.boot.test.autoconfigure.restdocs.RestDocsTestExecutionListener, org.springframework.boot.test.autoconfigure.web.client.MockRestServiceServerResetTestExecutionListener, org.springframework.boot.test.autoconfigure.web.servlet.MockMvcPrintOnlyOnFailureTestExecutionListener, org.springframework.boot.test.autoconfigure.web.servlet.WebDriverTestExecutionListener, org.springframework.boot.test.mock.mockito.MockitoTestExecutionListener, org.springframework.boot.test.mock.mockito.ResetMocksTestExecutionListener, org.springframework.test.context.web.ServletTestExecutionListener, org.springframework.test.context.support.DirtiesContextBeforeModesTestExecutionListener, org.springframework.test.context.support.DependencyInjectionTestExecutionListener, org.springframework.test.context.support.DirtiesContextTestExecutionListener, org.springframework.test.context.transaction.TransactionalTestExecutionListener, org.springframework.test.context.jdbc.SqlScriptsTestExecutionListener, org.springframework.test.context.event.EventPublishingTestExecutionListener]
20:21:49.473 [Test worker] DEBUG org.springframework.boot.test.context.SpringBootTestContextBootstrapper - Skipping candidate TestExecutionListener [org.springframework.test.context.transaction.TransactionalTestExecutionListener] due to a missing dependency. Specify custom listener classes or make the default listener classes and their required dependencies available. Offending class: [org/springframework/transaction/interceptor/TransactionAttributeSource]
20:21:49.474 [Test worker] DEBUG org.springframework.boot.test.context.SpringBootTestContextBootstrapper - Skipping candidate TestExecutionListener [org.springframework.test.context.jdbc.SqlScriptsTestExecutionListener] due to a missing dependency. Specify custom listener classes or make the default listener classes and their required dependencies available. Offending class: [org/springframework/transaction/interceptor/TransactionAttribute]
20:21:49.474 [Test worker] INFO org.springframework.boot.test.context.SpringBootTestContextBootstrapper - Using TestExecutionListeners: [org.springframework.test.context.web.ServletTestExecutionListener@2d33965f, org.springframework.test.context.support.DirtiesContextBeforeModesTestExecutionListener@3c4ee8a2, org.springframework.boot.test.mock.mockito.MockitoTestExecutionListener@c22bdf1, org.springframework.boot.test.autoconfigure.SpringBootDependencyInjectionTestExecutionListener@bdbf07f, org.springframework.test.context.support.DirtiesContextTestExecutionListener@3a6b0e35, org.springframework.test.context.event.EventPublishingTestExecutionListener@71abea22, org.springframework.boot.test.autoconfigure.restdocs.RestDocsTestExecutionListener@687f1cd3, org.springframework.boot.test.autoconfigure.web.client.MockRestServiceServerResetTestExecutionListener@3c7341ab, org.springframework.boot.test.autoconfigure.web.servlet.MockMvcPrintOnlyOnFailureTestExecutionListener@5e8bfab6, org.springframework.boot.test.autoconfigure.web.servlet.WebDriverTestExecutionListener@705fe1bf, org.springframework.boot.test.mock.mockito.ResetMocksTestExecutionListener@6056e2e3]
20:21:49.477 [Test worker] DEBUG org.springframework.test.context.support.AbstractDirtiesContextTestExecutionListener - Before test class: context [DefaultTestContext@3669503f testClass = DemoControllerTest, testInstance = [null], testMethod = [null], testException = [null], mergedContextConfiguration = [WebMergedContextConfiguration@50e8fd96 testClass = DemoControllerTest, locations = '{}', classes = '{class com.learning.tdd.springrest.SpringRestApplication}', contextInitializerClasses = '[]', activeProfiles = '{}', propertySourceLocations = '{}', propertySourceProperties = '{org.springframework.boot.test.context.SpringBootTestContextBootstrapper=true}', contextCustomizers = set[org.springframework.boot.test.autoconfigure.properties.PropertyMappingContextCustomizer@4b3fa0b3, org.springframework.boot.test.autoconfigure.web.servlet.WebDriverContextCustomizerFactory$Customizer@4478a66a, [ImportsContextCustomizer@2a8b842a key = [org.springframework.boot.test.autoconfigure.web.servlet.MockMvcAutoConfiguration, org.springframework.boot.test.autoconfigure.web.servlet.MockMvcWebClientAutoConfiguration, org.springframework.boot.test.autoconfigure.web.servlet.MockMvcWebDriverAutoConfiguration, org.springframework.boot.autoconfigure.security.servlet.SecurityAutoConfiguration, org.springframework.boot.autoconfigure.security.servlet.UserDetailsServiceAutoConfiguration, org.springframework.boot.test.autoconfigure.web.servlet.MockMvcSecurityConfiguration]], org.springframework.boot.test.context.filter.ExcludeFilterContextCustomizer@76253b78, org.springframework.boot.test.json.DuplicateJsonObjectContextCustomizerFactory$DuplicateJsonObjectContextCustomizer@5c6f4de, org.springframework.boot.test.mock.mockito.MockitoContextCustomizer@0, org.springframework.boot.test.web.client.TestRestTemplateContextCustomizer@5dc4a8b9], resourceBasePath = 'src/main/webapp', contextLoader = 'org.springframework.boot.test.context.SpringBootContextLoader', parent = [null]], attributes = map['org.springframework.test.context.web.ServletTestExecutionListener.activateListener' -> true]], class annotated with @DirtiesContext [false] with mode [null].
20:21:49.503 [Test worker] DEBUG org.springframework.test.context.support.TestPropertySourceUtils - Adding inlined properties to environment: {spring.jmx.enabled=false, org.springframework.boot.test.context.SpringBootTestContextBootstrapper=true, server.port=-1}

  .   ____          _            __ _ _
 /\\ / ___'_ __ _ _(_)_ __  __ _ \ \ \ \
( ( )\___ | '_ | '_| | '_ \/ _` | \ \ \ \
 \\/  ___)| |_)| | | | | || (_| |  ) ) ) )
  '  |____| .__|_| |_|_| |_\__, | / / / /
 =========|_|==============|___/=/_/_/_/
 :: Spring Boot ::        (v2.2.4.RELEASE)

2020-02-16 20:21:49.803  INFO 35200 --- [    Test worker] c.l.t.s.controller.DemoControllerTest    : Starting DemoControllerTest on Shaileshs-MBP.fritz.box with PID 35200 (started by shailesh in /Users/shailesh/Downloads/spring-rest)
2020-02-16 20:21:49.806  INFO 35200 --- [    Test worker] c.l.t.s.controller.DemoControllerTest    : No active profile set, falling back to default profiles: default
2020-02-16 20:21:50.973  INFO 35200 --- [    Test worker] o.s.s.concurrent.ThreadPoolTaskExecutor  : Initializing ExecutorService 'applicationTaskExecutor'
2020-02-16 20:21:51.240  INFO 35200 --- [    Test worker] o.s.b.t.m.w.SpringBootMockServletContext : Initializing Spring TestDispatcherServlet ''
2020-02-16 20:21:51.240  INFO 35200 --- [    Test worker] o.s.t.web.servlet.TestDispatcherServlet  : Initializing Servlet ''
2020-02-16 20:21:51.257  INFO 35200 --- [    Test worker] o.s.t.web.servlet.TestDispatcherServlet  : Completed initialization in 17 ms
2020-02-16 20:21:51.282  INFO 35200 --- [    Test worker] c.l.t.s.controller.DemoControllerTest    : Started DemoControllerTest in 1.764 seconds (JVM running for 3.247)
]]></system-out>
  <system-err><![CDATA[]]></system-err>
</testsuite>
